C:\Program Files (x86)\Microsoft Visual Studio\2019\Community\MSBuild\Microsoft\VC\v160\Microsoft.CppCommon.targets(36,5): warning MSB4211: Свойству "IntermediateOutputPath" в первый раз присваивается значение, но оно уже было использовано в "C:\Program Files (x86)\Microsoft Visual Studio\2019\Community\MSBuild\Microsoft\VC\v160\Microsoft.CppCommon.targets (35,5)".
C:\Program Files (x86)\Microsoft Visual Studio\2019\Community\MSBuild\Current\Bin\Microsoft.Common.CurrentVersion.targets(337,5): warning MSB4211: Свойству "CleanFile" в первый раз присваивается значение, но оно уже было использовано в "C:\Program Files (x86)\Microsoft Visual Studio\2019\Community\MSBuild\Microsoft\VC\v160\Microsoft.CppCommon.targets (35,5)".
  Moc'ing deditor.h...
  Системе не удается найти указанный путь.
  Moc'ing domattr.h...
  Системе не удается найти указанный путь.
  Moc'ing dommodel.h...
  Системе не удается найти указанный путь.
  Moc'ing dgvector.h...
  Системе не удается найти указанный путь.
  Moc'ing info.h...
  Системе не удается найти указанный путь.
  Moc'ing report.h...
  Системе не удается найти указанный путь.
  Moc'ing helpBrowser.h...
  Системе не удается найти указанный путь.
  Moc'ing hexspinbox.h...
  Системе не удается найти указанный путь.
  Moc'ing maiaFault.h...
  Системе не удается найти указанный путь.
  Moc'ing maiaObject.h...
  Системе не удается найти указанный путь.
  Moc'ing maiaXmlRpcClient.h...
  Системе не удается найти указанный путь.
  Moc'ing qtlocalpeer.h...
  Системе не удается найти указанный путь.
  Moc'ing qtsingleapplication.h...
  Системе не удается найти указанный путь.
  Moc'ing search.h...
  Системе не удается найти указанный путь.
  Moc'ing tunerwin.h...
  Системе не удается найти указанный путь.
  Uic'ing deditor.ui...
  Системе не удается найти указанный путь.
  Rcc'ing dgvector.qrc...
  Системе не удается найти указанный путь.
  Uic'ing search.ui...
  Системе не удается найти указанный путь.
  Uic'ing tunerwin.ui...
  Системе не удается найти указанный путь.
C:\Program Files (x86)\Microsoft Visual Studio\2019\Community\MSBuild\Microsoft\VC\v160\Microsoft.CppCommon.targets(231,5): error MSB6006: "cmd.exe" завершилась с кодом 3.
